  19/08/2022 08:30:09 AM: INFO:  ******************* Test_003_Customers Started *************** 
  19/08/2022 08:30:09 AM: INFO:  ******************* Test_003_Customers Started *************** 
  19/08/2022 08:30:09 AM: INFO:  ******************* Test_003_Customers Started *************** 
  19/08/2022 08:30:09 AM: INFO:  ******************* Test_003_Customers Started *************** 
  19/08/2022 08:30:09 AM: INFO: ****************** Login Started ****************
  19/08/2022 08:30:09 AM: INFO: ****************** Login Started ****************
  19/08/2022 08:30:09 AM: INFO: ****************** Login Started ****************
  19/08/2022 08:30:09 AM: INFO: ****************** Login Started ****************
  19/08/2022 08:30:09 AM: INFO:  ******************* Test_004_SearchCustomerByEmail Started *************** 
  19/08/2022 08:30:09 AM: INFO:  ******************* Test_004_SearchCustomerByEmail Started *************** 
  19/08/2022 08:30:09 AM: INFO:  ******************* Test_004_SearchCustomerByEmail Started *************** 
  19/08/2022 08:30:09 AM: INFO:  ******************* Test_004_SearchCustomerByEmail Started *************** 
  19/08/2022 08:30:09 AM: INFO: ****************** Login Started ****************
  19/08/2022 08:30:09 AM: INFO: ****************** Login Started ****************
  19/08/2022 08:30:09 AM: INFO: ****************** Login Started ****************
  19/08/2022 08:30:09 AM: INFO: ****************** Login Started ****************
  19/08/2022 08:30:10 AM: INFO: ****************** Verifying Login Test ***************
  19/08/2022 08:30:10 AM: INFO: ****************** Verifying Login Test ***************
  19/08/2022 08:30:10 AM: INFO: ****************** Verifying Login Test ***************
  19/08/2022 08:30:10 AM: INFO: ****************** Verifying Login Test ***************
  19/08/2022 08:30:25 AM: INFO: ****************** User Logged in *******************
  19/08/2022 08:30:25 AM: INFO: ****************** User Logged in *******************
  19/08/2022 08:30:25 AM: INFO: ****************** User Logged in *******************
  19/08/2022 08:30:25 AM: INFO: ****************** User Logged in *******************
  19/08/2022 08:30:25 AM: INFO: *********** Add Customer Details *************
  19/08/2022 08:30:25 AM: INFO: *********** Add Customer Details *************
  19/08/2022 08:30:25 AM: INFO: *********** Add Customer Details *************
  19/08/2022 08:30:25 AM: INFO: *********** Add Customer Details *************
  19/08/2022 08:30:26 AM: INFO: ****************** User Logged in *******************
  19/08/2022 08:30:26 AM: INFO: ****************** User Logged in *******************
  19/08/2022 08:30:26 AM: INFO: ****************** User Logged in *******************
  19/08/2022 08:30:26 AM: INFO: ****************** User Logged in *******************
  19/08/2022 08:30:26 AM: INFO: *********** Add Customer Details *************
  19/08/2022 08:30:26 AM: INFO: *********** Add Customer Details *************
  19/08/2022 08:30:26 AM: INFO: *********** Add Customer Details *************
  19/08/2022 08:30:26 AM: INFO: *********** Add Customer Details *************
  19/08/2022 08:30:28 AM: INFO: *********** Search Using Email *************
  19/08/2022 08:30:28 AM: INFO: *********** Search Using Email *************
  19/08/2022 08:30:28 AM: INFO: *********** Search Using Email *************
  19/08/2022 08:30:28 AM: INFO: *********** Search Using Email *************
  19/08/2022 08:30:34 AM: INFO: *********** Clicked search button *************
  19/08/2022 08:30:34 AM: INFO: *********** Clicked search button *************
  19/08/2022 08:30:34 AM: INFO: *********** Clicked search button *************
  19/08/2022 08:30:34 AM: INFO: *********** Clicked search button *************
  19/08/2022 08:30:34 AM: INFO: *************** TC_004_SearchCustomerByEmail Passed ***************
  19/08/2022 08:30:34 AM: INFO: *************** TC_004_SearchCustomerByEmail Passed ***************
  19/08/2022 08:30:34 AM: INFO: *************** TC_004_SearchCustomerByEmail Passed ***************
  19/08/2022 08:30:34 AM: INFO: *************** TC_004_SearchCustomerByEmail Passed ***************
  19/08/2022 08:30:35 AM: INFO: ****************** Login test is Passed  ***************
  19/08/2022 08:30:35 AM: INFO: ****************** Login test is Passed  ***************
  19/08/2022 08:30:35 AM: INFO: ****************** Login test is Passed  ***************
  19/08/2022 08:30:35 AM: INFO: ****************** Login test is Passed  ***************
  19/08/2022 08:30:41 AM: INFO: ************ Added a New Customer ************
  19/08/2022 08:30:41 AM: INFO: ************ Added a New Customer ************
  19/08/2022 08:30:41 AM: INFO: ************ Added a New Customer ************
  19/08/2022 08:30:41 AM: INFO: ************ Added a New Customer ************
  19/08/2022 08:30:41 AM: INFO: ******** Test_003_Customers Verification Started ************
  19/08/2022 08:30:41 AM: INFO: ******** Test_003_Customers Verification Started ************
  19/08/2022 08:30:41 AM: INFO: ******** Test_003_Customers Verification Started ************
  19/08/2022 08:30:41 AM: INFO: ******** Test_003_Customers Verification Started ************
  19/08/2022 08:30:41 AM: INFO: *********** Add customer Test Passed ***********
  19/08/2022 08:30:41 AM: INFO: *********** Add customer Test Passed ***********
  19/08/2022 08:30:41 AM: INFO: *********** Add customer Test Passed ***********
  19/08/2022 08:30:41 AM: INFO: *********** Add customer Test Passed ***********
  19/08/2022 08:30:44 AM: INFO: ******** Test_003_Customers Verification Finished **********
  19/08/2022 08:30:44 AM: INFO: ******** Test_003_Customers Verification Finished **********
  19/08/2022 08:30:44 AM: INFO: ******** Test_003_Customers Verification Finished **********
  19/08/2022 08:30:44 AM: INFO: ******** Test_003_Customers Verification Finished **********
  19/08/2022 08:30:44 AM: INFO: ********** Ending Add customer Test *************
  19/08/2022 08:30:44 AM: INFO: ********** Ending Add customer Test *************
  19/08/2022 08:30:44 AM: INFO: ********** Ending Add customer Test *************
  19/08/2022 08:30:44 AM: INFO: ********** Ending Add customer Test *************
  19/08/2022 08:31:54 AM: INFO:  ******************* Test_003_Customers Started *************** 
  19/08/2022 08:31:54 AM: INFO:  ******************* Test_003_Customers Started *************** 
  19/08/2022 08:31:54 AM: INFO:  ******************* Test_003_Customers Started *************** 
  19/08/2022 08:31:54 AM: INFO:  ******************* Test_003_Customers Started *************** 
  19/08/2022 08:31:54 AM: INFO: ****************** Login Started ****************
  19/08/2022 08:31:54 AM: INFO: ****************** Login Started ****************
  19/08/2022 08:31:54 AM: INFO: ****************** Login Started ****************
  19/08/2022 08:31:54 AM: INFO: ****************** Login Started ****************
  19/08/2022 08:32:05 AM: INFO: ****************** User Logged in *******************
  19/08/2022 08:32:05 AM: INFO: ****************** User Logged in *******************
  19/08/2022 08:32:05 AM: INFO: ****************** User Logged in *******************
  19/08/2022 08:32:05 AM: INFO: ****************** User Logged in *******************
  19/08/2022 08:32:05 AM: INFO: *********** Add Customer Details *************
  19/08/2022 08:32:05 AM: INFO: *********** Add Customer Details *************
  19/08/2022 08:32:05 AM: INFO: *********** Add Customer Details *************
  19/08/2022 08:32:05 AM: INFO: *********** Add Customer Details *************
  19/08/2022 08:32:11 AM: INFO: ************ Added a New Customer ************
  19/08/2022 08:32:11 AM: INFO: ************ Added a New Customer ************
  19/08/2022 08:32:11 AM: INFO: ************ Added a New Customer ************
  19/08/2022 08:32:11 AM: INFO: ************ Added a New Customer ************
  19/08/2022 08:32:11 AM: INFO: ******** Test_003_Customers Verification Started ************
  19/08/2022 08:32:11 AM: INFO: ******** Test_003_Customers Verification Started ************
  19/08/2022 08:32:11 AM: INFO: ******** Test_003_Customers Verification Started ************
  19/08/2022 08:32:11 AM: INFO: ******** Test_003_Customers Verification Started ************
  19/08/2022 08:32:12 AM: INFO: *********** Add customer Test Passed ***********
  19/08/2022 08:32:12 AM: INFO: *********** Add customer Test Passed ***********
  19/08/2022 08:32:12 AM: INFO: *********** Add customer Test Passed ***********
  19/08/2022 08:32:12 AM: INFO: *********** Add customer Test Passed ***********
  19/08/2022 08:32:12 AM: INFO: ******** Test_003_Customers Verification Finished **********
  19/08/2022 08:32:12 AM: INFO: ******** Test_003_Customers Verification Finished **********
  19/08/2022 08:32:12 AM: INFO: ******** Test_003_Customers Verification Finished **********
  19/08/2022 08:32:12 AM: INFO: ******** Test_003_Customers Verification Finished **********
  19/08/2022 08:32:12 AM: INFO: ********** Ending Add customer Test *************
  19/08/2022 08:32:12 AM: INFO: ********** Ending Add customer Test *************
  19/08/2022 08:32:12 AM: INFO: ********** Ending Add customer Test *************
  19/08/2022 08:32:12 AM: INFO: ********** Ending Add customer Test *************
  19/08/2022 08:32:16 AM: INFO: ****************** Verifying Login Test ***************
  19/08/2022 08:32:16 AM: INFO: ****************** Verifying Login Test ***************
  19/08/2022 08:32:16 AM: INFO: ****************** Verifying Login Test ***************
  19/08/2022 08:32:16 AM: INFO: ****************** Verifying Login Test ***************
  19/08/2022 08:32:20 AM: INFO: ****************** Login test is Passed  ***************
  19/08/2022 08:32:20 AM: INFO: ****************** Login test is Passed  ***************
  19/08/2022 08:32:20 AM: INFO: ****************** Login test is Passed  ***************
  19/08/2022 08:32:20 AM: INFO: ****************** Login test is Passed  ***************
  19/08/2022 08:32:25 AM: INFO:  ******************* Test_004_SearchCustomerByEmail Started *************** 
  19/08/2022 08:32:25 AM: INFO:  ******************* Test_004_SearchCustomerByEmail Started *************** 
  19/08/2022 08:32:25 AM: INFO:  ******************* Test_004_SearchCustomerByEmail Started *************** 
  19/08/2022 08:32:25 AM: INFO:  ******************* Test_004_SearchCustomerByEmail Started *************** 
  19/08/2022 08:32:25 AM: INFO: ****************** Login Started ****************
  19/08/2022 08:32:25 AM: INFO: ****************** Login Started ****************
  19/08/2022 08:32:25 AM: INFO: ****************** Login Started ****************
  19/08/2022 08:32:25 AM: INFO: ****************** Login Started ****************
  19/08/2022 08:32:35 AM: INFO: ****************** User Logged in *******************
  19/08/2022 08:32:35 AM: INFO: ****************** User Logged in *******************
  19/08/2022 08:32:35 AM: INFO: ****************** User Logged in *******************
  19/08/2022 08:32:35 AM: INFO: ****************** User Logged in *******************
  19/08/2022 08:32:35 AM: INFO: *********** Add Customer Details *************
  19/08/2022 08:32:35 AM: INFO: *********** Add Customer Details *************
  19/08/2022 08:32:35 AM: INFO: *********** Add Customer Details *************
  19/08/2022 08:32:35 AM: INFO: *********** Add Customer Details *************
  19/08/2022 08:32:37 AM: INFO: *********** Search Using Email *************
  19/08/2022 08:32:37 AM: INFO: *********** Search Using Email *************
  19/08/2022 08:32:37 AM: INFO: *********** Search Using Email *************
  19/08/2022 08:32:37 AM: INFO: *********** Search Using Email *************
  19/08/2022 08:32:42 AM: INFO: *********** Clicked search button *************
  19/08/2022 08:32:42 AM: INFO: *********** Clicked search button *************
  19/08/2022 08:32:42 AM: INFO: *********** Clicked search button *************
  19/08/2022 08:32:42 AM: INFO: *********** Clicked search button *************
  19/08/2022 08:32:42 AM: INFO: *************** TC_004_SearchCustomerByEmail Passed ***************
  19/08/2022 08:32:42 AM: INFO: *************** TC_004_SearchCustomerByEmail Passed ***************
  19/08/2022 08:32:42 AM: INFO: *************** TC_004_SearchCustomerByEmail Passed ***************
  19/08/2022 08:32:42 AM: INFO: *************** TC_004_SearchCustomerByEmail Passed ***************
  19/08/2022 08:39:44 AM: INFO:  ******************* Test_001_Login Started *************** 
  19/08/2022 08:39:44 AM: INFO:  ******************* Test_001_Login Started *************** 
  19/08/2022 08:39:44 AM: INFO:  ******************* Test_001_Login Started *************** 
  19/08/2022 08:39:44 AM: INFO:  ******************* Test_001_Login Started *************** 
  19/08/2022 08:39:44 AM: INFO:  ****************** Verifying Home Page Title *************** 
  19/08/2022 08:39:44 AM: INFO:  ****************** Verifying Home Page Title *************** 
  19/08/2022 08:39:44 AM: INFO:  ****************** Verifying Home Page Title *************** 
  19/08/2022 08:39:44 AM: INFO:  ****************** Verifying Home Page Title *************** 
  19/08/2022 08:39:45 AM: INFO:  ******************* Test_003_Customers Started *************** 
  19/08/2022 08:39:45 AM: INFO:  ******************* Test_003_Customers Started *************** 
  19/08/2022 08:39:45 AM: INFO:  ******************* Test_003_Customers Started *************** 
  19/08/2022 08:39:45 AM: INFO:  ******************* Test_003_Customers Started *************** 
  19/08/2022 08:39:45 AM: INFO: ****************** Login Started ****************
  19/08/2022 08:39:45 AM: INFO: ****************** Login Started ****************
  19/08/2022 08:39:45 AM: INFO: ****************** Login Started ****************
  19/08/2022 08:39:45 AM: INFO: ****************** Login Started ****************
  19/08/2022 08:39:57 AM: INFO: ****************** Home Page Title test is Passed ***************
  19/08/2022 08:39:57 AM: INFO: ****************** Home Page Title test is Passed ***************
  19/08/2022 08:39:57 AM: INFO: ****************** Home Page Title test is Passed ***************
  19/08/2022 08:39:57 AM: INFO: ****************** Home Page Title test is Passed ***************
  19/08/2022 08:40:02 AM: INFO: **************** Test_002_DDT_Login *****************
  19/08/2022 08:40:02 AM: INFO: **************** Test_002_DDT_Login *****************
  19/08/2022 08:40:02 AM: INFO: **************** Test_002_DDT_Login *****************
  19/08/2022 08:40:02 AM: INFO: **************** Test_002_DDT_Login *****************
  19/08/2022 08:40:02 AM: INFO: ****************** Verifying Login DDT Test ***************
  19/08/2022 08:40:02 AM: INFO: ****************** Verifying Login DDT Test ***************
  19/08/2022 08:40:02 AM: INFO: ****************** Verifying Login DDT Test ***************
  19/08/2022 08:40:02 AM: INFO: ****************** Verifying Login DDT Test ***************
  19/08/2022 08:40:17 AM: INFO: ************** Passed **************
  19/08/2022 08:40:17 AM: INFO: ************** Passed **************
  19/08/2022 08:40:17 AM: INFO: ************** Passed **************
  19/08/2022 08:40:17 AM: INFO: ************** Passed **************
  19/08/2022 08:40:19 AM: INFO: ****************** User Logged in *******************
  19/08/2022 08:40:19 AM: INFO: ****************** User Logged in *******************
  19/08/2022 08:40:19 AM: INFO: ****************** User Logged in *******************
  19/08/2022 08:40:19 AM: INFO: ****************** User Logged in *******************
  19/08/2022 08:40:19 AM: INFO: *********** Add Customer Details *************
  19/08/2022 08:40:19 AM: INFO: *********** Add Customer Details *************
  19/08/2022 08:40:19 AM: INFO: *********** Add Customer Details *************
  19/08/2022 08:40:19 AM: INFO: *********** Add Customer Details *************
  19/08/2022 08:40:26 AM: INFO: ********* Passed ***********
  19/08/2022 08:40:26 AM: INFO: ********* Passed ***********
  19/08/2022 08:40:26 AM: INFO: ********* Passed ***********
  19/08/2022 08:40:26 AM: INFO: ********* Passed ***********
  19/08/2022 08:40:32 AM: INFO: ********* Passed ***********
  19/08/2022 08:40:32 AM: INFO: ********* Passed ***********
  19/08/2022 08:40:32 AM: INFO: ********* Passed ***********
  19/08/2022 08:40:32 AM: INFO: ********* Passed ***********
  19/08/2022 08:40:32 AM: INFO: ************ Added a New Customer ************
  19/08/2022 08:40:32 AM: INFO: ************ Added a New Customer ************
  19/08/2022 08:40:32 AM: INFO: ************ Added a New Customer ************
  19/08/2022 08:40:32 AM: INFO: ************ Added a New Customer ************
  19/08/2022 08:40:32 AM: INFO: ******** Test_003_Customers Verification Started ************
  19/08/2022 08:40:32 AM: INFO: ******** Test_003_Customers Verification Started ************
  19/08/2022 08:40:32 AM: INFO: ******** Test_003_Customers Verification Started ************
  19/08/2022 08:40:32 AM: INFO: ******** Test_003_Customers Verification Started ************
  19/08/2022 08:40:32 AM: INFO: *********** Add customer Test Passed ***********
  19/08/2022 08:40:32 AM: INFO: *********** Add customer Test Passed ***********
  19/08/2022 08:40:32 AM: INFO: *********** Add customer Test Passed ***********
  19/08/2022 08:40:32 AM: INFO: *********** Add customer Test Passed ***********
  19/08/2022 08:40:35 AM: INFO: ******** Test_003_Customers Verification Finished **********
  19/08/2022 08:40:35 AM: INFO: ******** Test_003_Customers Verification Finished **********
  19/08/2022 08:40:35 AM: INFO: ******** Test_003_Customers Verification Finished **********
  19/08/2022 08:40:35 AM: INFO: ******** Test_003_Customers Verification Finished **********
  19/08/2022 08:40:35 AM: INFO: ********** Ending Add customer Test *************
  19/08/2022 08:40:35 AM: INFO: ********** Ending Add customer Test *************
  19/08/2022 08:40:35 AM: INFO: ********** Ending Add customer Test *************
  19/08/2022 08:40:35 AM: INFO: ********** Ending Add customer Test *************
  19/08/2022 08:40:38 AM: INFO: ********* Passed ***********
  19/08/2022 08:40:38 AM: INFO: ********* Passed ***********
  19/08/2022 08:40:38 AM: INFO: ********* Passed ***********
  19/08/2022 08:40:38 AM: INFO: ********* Passed ***********
  19/08/2022 08:40:38 AM: INFO: ************** Login DDT test Passed *****************
  19/08/2022 08:40:38 AM: INFO: ************** Login DDT test Passed *****************
  19/08/2022 08:40:38 AM: INFO: ************** Login DDT test Passed *****************
  19/08/2022 08:40:38 AM: INFO: ************** Login DDT test Passed *****************
  19/08/2022 08:40:43 AM: INFO: ****************** Verifying Login Test ***************
  19/08/2022 08:40:43 AM: INFO: ****************** Verifying Login Test ***************
  19/08/2022 08:40:43 AM: INFO: ****************** Verifying Login Test ***************
  19/08/2022 08:40:43 AM: INFO: ****************** Verifying Login Test ***************
  19/08/2022 08:40:45 AM: INFO: **************** Test_002_DDT_Login  Finished *****************
  19/08/2022 08:40:45 AM: INFO: **************** Test_002_DDT_Login  Finished *****************
  19/08/2022 08:40:45 AM: INFO: **************** Test_002_DDT_Login  Finished *****************
  19/08/2022 08:40:45 AM: INFO: **************** Test_002_DDT_Login  Finished *****************
  19/08/2022 08:40:51 AM: INFO:  ******************* Test_004_SearchCustomerByEmail Started *************** 
  19/08/2022 08:40:51 AM: INFO:  ******************* Test_004_SearchCustomerByEmail Started *************** 
  19/08/2022 08:40:51 AM: INFO:  ******************* Test_004_SearchCustomerByEmail Started *************** 
  19/08/2022 08:40:51 AM: INFO:  ******************* Test_004_SearchCustomerByEmail Started *************** 
  19/08/2022 08:40:51 AM: INFO: ****************** Login Started ****************
  19/08/2022 08:40:51 AM: INFO: ****************** Login Started ****************
  19/08/2022 08:40:51 AM: INFO: ****************** Login Started ****************
  19/08/2022 08:40:51 AM: INFO: ****************** Login Started ****************
  19/08/2022 08:40:54 AM: INFO: ****************** Login test is Passed  ***************
  19/08/2022 08:40:54 AM: INFO: ****************** Login test is Passed  ***************
  19/08/2022 08:40:54 AM: INFO: ****************** Login test is Passed  ***************
  19/08/2022 08:40:54 AM: INFO: ****************** Login test is Passed  ***************
  19/08/2022 08:41:02 AM: INFO: ****************** User Logged in *******************
  19/08/2022 08:41:02 AM: INFO: ****************** User Logged in *******************
  19/08/2022 08:41:02 AM: INFO: ****************** User Logged in *******************
  19/08/2022 08:41:02 AM: INFO: ****************** User Logged in *******************
  19/08/2022 08:41:02 AM: INFO: *********** Add Customer Details *************
  19/08/2022 08:41:02 AM: INFO: *********** Add Customer Details *************
  19/08/2022 08:41:02 AM: INFO: *********** Add Customer Details *************
  19/08/2022 08:41:02 AM: INFO: *********** Add Customer Details *************
  19/08/2022 08:41:04 AM: INFO: *********** Search Using Email *************
  19/08/2022 08:41:04 AM: INFO: *********** Search Using Email *************
  19/08/2022 08:41:04 AM: INFO: *********** Search Using Email *************
  19/08/2022 08:41:04 AM: INFO: *********** Search Using Email *************
  19/08/2022 08:41:09 AM: INFO: *********** Clicked search button *************
  19/08/2022 08:41:09 AM: INFO: *********** Clicked search button *************
  19/08/2022 08:41:09 AM: INFO: *********** Clicked search button *************
  19/08/2022 08:41:09 AM: INFO: *********** Clicked search button *************
  19/08/2022 08:41:09 AM: INFO: *************** TC_004_SearchCustomerByEmail Passed ***************
  19/08/2022 08:41:09 AM: INFO: *************** TC_004_SearchCustomerByEmail Passed ***************
  19/08/2022 08:41:09 AM: INFO: *************** TC_004_SearchCustomerByEmail Passed ***************
  19/08/2022 08:41:09 AM: INFO: *************** TC_004_SearchCustomerByEmail Passed ***************
  19/08/2022 09:37:56 AM: INFO:  ******************* Test_003_Customers Started *************** 
  19/08/2022 09:37:56 AM: INFO: ****************** Login Started ****************
  19/08/2022 09:38:08 AM: INFO: ****************** User Logged in *******************
  19/08/2022 09:38:08 AM: INFO: *********** Add Customer Details *************
  19/08/2022 09:38:20 AM: INFO: ************ Added a New Customer ************
  19/08/2022 09:38:20 AM: INFO: ******** Test_003_Customers Verification Started ************
  19/08/2022 09:38:20 AM: INFO: *********** Add customer Test Passed ***********
  19/08/2022 09:38:24 AM: INFO: ******** Test_003_Customers Verification Finished **********
  19/08/2022 09:38:24 AM: INFO: ********** Ending Add customer Test *************
  19/08/2022 09:46:42 AM: INFO:  ******************* Test_004_SearchCustomerByEmail Started *************** 
  19/08/2022 09:46:42 AM: INFO: ****************** Login Started ****************
  19/08/2022 09:46:54 AM: INFO: ****************** User Logged in *******************
  19/08/2022 09:46:54 AM: INFO: *********** Add Customer Details *************
  19/08/2022 09:47:21 AM: INFO: *********** Search Using Email *************
  19/08/2022 09:47:27 AM: INFO: *********** Clicked search button *************
  19/08/2022 09:47:27 AM: INFO: *************** TC_004_SearchCustomerByEmail Passed ***************
  19/08/2022 09:48:58 AM: INFO:  ******************* Test_003_Customers Started *************** 
  19/08/2022 09:48:58 AM: INFO:  ******************* Test_003_Customers Started *************** 
  19/08/2022 09:48:58 AM: INFO:  ******************* Test_003_Customers Started *************** 
  19/08/2022 09:48:58 AM: INFO:  ******************* Test_003_Customers Started *************** 
  19/08/2022 09:48:58 AM: INFO: ****************** Login Started ****************
  19/08/2022 09:48:58 AM: INFO: ****************** Login Started ****************
  19/08/2022 09:48:58 AM: INFO: ****************** Login Started ****************
  19/08/2022 09:48:58 AM: INFO: ****************** Login Started ****************
  19/08/2022 09:49:12 AM: INFO: ****************** User Logged in *******************
  19/08/2022 09:49:12 AM: INFO: ****************** User Logged in *******************
  19/08/2022 09:49:12 AM: INFO: ****************** User Logged in *******************
  19/08/2022 09:49:12 AM: INFO: ****************** User Logged in *******************
  19/08/2022 09:49:12 AM: INFO: *********** Add Customer Details *************
  19/08/2022 09:49:12 AM: INFO: *********** Add Customer Details *************
  19/08/2022 09:49:12 AM: INFO: *********** Add Customer Details *************
  19/08/2022 09:49:12 AM: INFO: *********** Add Customer Details *************
  19/08/2022 09:49:25 AM: INFO: ************ Added a New Customer ************
  19/08/2022 09:49:25 AM: INFO: ************ Added a New Customer ************
  19/08/2022 09:49:25 AM: INFO: ************ Added a New Customer ************
  19/08/2022 09:49:25 AM: INFO: ************ Added a New Customer ************
  19/08/2022 09:49:25 AM: INFO: ******** Test_003_Customers Verification Started ************
  19/08/2022 09:49:25 AM: INFO: ******** Test_003_Customers Verification Started ************
  19/08/2022 09:49:25 AM: INFO: ******** Test_003_Customers Verification Started ************
  19/08/2022 09:49:25 AM: INFO: ******** Test_003_Customers Verification Started ************
  19/08/2022 09:49:25 AM: INFO: *********** Add customer Test Passed ***********
  19/08/2022 09:49:25 AM: INFO: *********** Add customer Test Passed ***********
  19/08/2022 09:49:25 AM: INFO: *********** Add customer Test Passed ***********
  19/08/2022 09:49:25 AM: INFO: *********** Add customer Test Passed ***********
  19/08/2022 09:49:26 AM: INFO: ******** Test_003_Customers Verification Finished **********
  19/08/2022 09:49:26 AM: INFO: ******** Test_003_Customers Verification Finished **********
  19/08/2022 09:49:26 AM: INFO: ******** Test_003_Customers Verification Finished **********
  19/08/2022 09:49:26 AM: INFO: ******** Test_003_Customers Verification Finished **********
  19/08/2022 09:49:26 AM: INFO: ********** Ending Add customer Test *************
  19/08/2022 09:49:26 AM: INFO: ********** Ending Add customer Test *************
  19/08/2022 09:49:26 AM: INFO: ********** Ending Add customer Test *************
  19/08/2022 09:49:26 AM: INFO: ********** Ending Add customer Test *************
  19/08/2022 09:49:31 AM: INFO: ****************** Verifying Login Test ***************
  19/08/2022 09:49:31 AM: INFO: ****************** Verifying Login Test ***************
  19/08/2022 09:49:31 AM: INFO: ****************** Verifying Login Test ***************
  19/08/2022 09:49:31 AM: INFO: ****************** Verifying Login Test ***************
  19/08/2022 09:49:36 AM: INFO: ****************** Login test is Passed  ***************
  19/08/2022 09:49:36 AM: INFO: ****************** Login test is Passed  ***************
  19/08/2022 09:49:36 AM: INFO: ****************** Login test is Passed  ***************
  19/08/2022 09:49:36 AM: INFO: ****************** Login test is Passed  ***************
  19/08/2022 09:49:42 AM: INFO:  ******************* Test_004_SearchCustomerByEmail Started *************** 
  19/08/2022 09:49:42 AM: INFO:  ******************* Test_004_SearchCustomerByEmail Started *************** 
  19/08/2022 09:49:42 AM: INFO:  ******************* Test_004_SearchCustomerByEmail Started *************** 
  19/08/2022 09:49:42 AM: INFO:  ******************* Test_004_SearchCustomerByEmail Started *************** 
  19/08/2022 09:49:42 AM: INFO: ****************** Login Started ****************
  19/08/2022 09:49:42 AM: INFO: ****************** Login Started ****************
  19/08/2022 09:49:42 AM: INFO: ****************** Login Started ****************
  19/08/2022 09:49:42 AM: INFO: ****************** Login Started ****************
  19/08/2022 09:49:53 AM: INFO: ****************** User Logged in *******************
  19/08/2022 09:49:53 AM: INFO: ****************** User Logged in *******************
  19/08/2022 09:49:53 AM: INFO: ****************** User Logged in *******************
  19/08/2022 09:49:53 AM: INFO: ****************** User Logged in *******************
  19/08/2022 09:49:53 AM: INFO: *********** Add Customer Details *************
  19/08/2022 09:49:53 AM: INFO: *********** Add Customer Details *************
  19/08/2022 09:49:53 AM: INFO: *********** Add Customer Details *************
  19/08/2022 09:49:53 AM: INFO: *********** Add Customer Details *************
  19/08/2022 09:49:55 AM: INFO: *********** Search Using Email *************
  19/08/2022 09:49:55 AM: INFO: *********** Search Using Email *************
  19/08/2022 09:49:55 AM: INFO: *********** Search Using Email *************
  19/08/2022 09:49:55 AM: INFO: *********** Search Using Email *************
  19/08/2022 09:50:01 AM: INFO: *********** Clicked search button *************
  19/08/2022 09:50:01 AM: INFO: *********** Clicked search button *************
  19/08/2022 09:50:01 AM: INFO: *********** Clicked search button *************
  19/08/2022 09:50:01 AM: INFO: *********** Clicked search button *************
  19/08/2022 09:50:01 AM: INFO: *************** TC_004_SearchCustomerByEmail Passed ***************
  19/08/2022 09:50:01 AM: INFO: *************** TC_004_SearchCustomerByEmail Passed ***************
  19/08/2022 09:50:01 AM: INFO: *************** TC_004_SearchCustomerByEmail Passed ***************
  19/08/2022 09:50:01 AM: INFO: *************** TC_004_SearchCustomerByEmail Passed ***************
  19/08/2022 09:52:08 AM: INFO:  ******************* Test_004_SearchCustomerByEmail Started *************** 
  19/08/2022 09:52:08 AM: INFO: ****************** Login Started ****************
  19/08/2022 09:52:19 AM: INFO: ****************** User Logged in *******************
  19/08/2022 09:52:19 AM: INFO: *********** Add Customer Details *************
  19/08/2022 09:52:22 AM: INFO: *********** Search Using Email *************
  19/08/2022 09:52:27 AM: INFO: *********** Clicked search button *************
  19/08/2022 09:52:27 AM: INFO: *************** TC_004_SearchCustomerByEmail Passed ***************
  19/08/2022 09:53:43 AM: INFO:  ******************* Test_003_Customers Started *************** 
  19/08/2022 09:53:43 AM: INFO: ****************** Login Started ****************
  19/08/2022 09:53:54 AM: INFO: ****************** User Logged in *******************
  19/08/2022 09:53:54 AM: INFO: *********** Add Customer Details *************
  19/08/2022 09:54:02 AM: INFO: ************ Added a New Customer ************
  19/08/2022 09:54:02 AM: INFO: ******** Test_003_Customers Verification Started ************
  19/08/2022 09:54:02 AM: INFO: *********** Add customer Test Passed ***********
  19/08/2022 09:54:03 AM: INFO: ******** Test_003_Customers Verification Finished **********
  19/08/2022 09:54:03 AM: INFO: ********** Ending Add customer Test *************
  19/08/2022 09:54:21 AM: INFO:  ******************* Test_003_Customers Started *************** 
  19/08/2022 09:54:21 AM: INFO: ****************** Login Started ****************
  19/08/2022 09:54:32 AM: INFO: ****************** User Logged in *******************
  19/08/2022 09:54:32 AM: INFO: *********** Add Customer Details *************
  19/08/2022 09:54:41 AM: INFO: ************ Added a New Customer ************
  19/08/2022 09:54:41 AM: INFO: ******** Test_003_Customers Verification Started ************
  19/08/2022 09:54:42 AM: INFO: *********** Add customer Test Passed ***********
  19/08/2022 09:54:46 AM: INFO: ******** Test_003_Customers Verification Finished **********
  19/08/2022 09:54:46 AM: INFO: ********** Ending Add customer Test *************
